<?xml version="1.0" encoding="UTF-8" ?>
<testsuite tests="4" failures="0" name="JPASessionUtilTest" time="2.595" errors="0" skipped="0">
  <properties>
[...]
</properties>
  <testcase classname="JPASessionUtilTest" name="getEntityManager" time="1.564"/>
  <testcase classname="JPASessionUtilTest" name="nonExistedEntityManagerException" time="0.002"/>
  <testcase classname="JPASessionUtilTest" name="testEntityManager" time="0.551"/>
  <testcase classname="JPASessionUtilTest" name="testSession" time="0.478"/>
</testsuite>