<?xml version="1.0" encoding="UTF-8"?>
<!-- Generated by org.testng.reporters.JUnitXMLReporter -->
<testsuite ignored="0" hostname="D-N-PC-13103" failures="0" tests="4" name="Command line test" time="2.619" errors="0" timestamp="2023-03-18T15:31:19 IRST">
  <testcase classname="JPASessionUtilTest" name="getEntityManager" time="1.565"/>
  <testcase classname="JPASessionUtilTest" name="nonExistedEntityManagerException" time="0.003"/>
  <testcase classname="JPASessionUtilTest" name="testEntityManager" time="0.551"/>
  <testcase classname="JPASessionUtilTest" name="testSession" time="0.478"/>
</testsuite> <!-- Command line test -->
